Compiling the CXX compiler identification source file "CMakeCXXCompilerId.cpp" failed.
Compiler: /usr/bin/c++ 
Build flags: 
Id flags:  

The output was:
1
during IPA pass: inline
CMakeCXXCompilerId.cpp: In function ‘int main(int, char**)’:
CMakeCXXCompilerId.cpp:637:5: internal compiler error: Segmentation fault
  637 | int main(int argc, char* argv[])
      |     ^~~~
Please submit a full bug report,
with preprocessed source if appropriate.
See <file:///usr/share/doc/gcc-9/README.Bugs> for instructions.


Compiling the CXX compiler identification source file "CMakeCXXCompilerId.cpp" failed.
Compiler: /usr/bin/c++ 
Build flags: 
Id flags: -c 

The output was:
1
during IPA pass: inline
CMakeCXXCompilerId.cpp: In function ‘int main(int, char**)’:
CMakeCXXCompilerId.cpp:637:5: internal compiler error: Segmentation fault
  637 | int main(int argc, char* argv[])
      |     ^~~~
Please submit a full bug report,
with preprocessed source if appropriate.
See <file:///usr/share/doc/gcc-9/README.Bugs> for instructions.


Compiling the CXX compiler identification source file "CMakeCXXCompilerId.cpp" failed.
Compiler: /usr/bin/c++ 
Build flags: 
Id flags: --c++ 

The output was:
1
c++: error: unrecognized command line option ‘--c++’


Compiling the CXX compiler identification source file "CMakeCXXCompilerId.cpp" failed.
Compiler: /usr/bin/c++ 
Build flags: 
Id flags: --ec++ 

The output was:
1
c++: error: unrecognized command line option ‘--ec++’; did you mean ‘-Weffc++’?


Compiling the CXX compiler identification source file "CMakeCXXCompilerId.cpp" failed.
Compiler: /usr/bin/c++ 
Build flags: 
Id flags: --target=arm-arm-none-eabi;-mcpu=cortex-m3 

The output was:
1
c++: warning: ‘-mcpu=’ is deprecated; use ‘-mtune=’ or ‘-march=’ instead
c++: error: unrecognized command line option ‘--target=arm-arm-none-eabi’


Compiling the CXX compiler identification source file "CMakeCXXCompilerId.cpp" failed.
Compiler: /usr/bin/c++ 
Build flags: 
Id flags:  

The output was:
1
during IPA pass: inline
CMakeCXXCompilerId.cpp: In function ‘int main(int, char**)’:
CMakeCXXCompilerId.cpp:637:5: internal compiler error: Segmentation fault
  637 | int main(int argc, char* argv[])
      |     ^~~~
Please submit a full bug report,
with preprocessed source if appropriate.
See <file:///usr/share/doc/gcc-9/README.Bugs> for instructions.


Compiling the CXX compiler identification source file "CMakeCXXCompilerId.cpp" failed.
Compiler: /usr/bin/c++ 
Build flags: 
Id flags: -c 

The output was:
1
during IPA pass: inline
CMakeCXXCompilerId.cpp: In function ‘int main(int, char**)’:
CMakeCXXCompilerId.cpp:637:5: internal compiler error: Segmentation fault
  637 | int main(int argc, char* argv[])
      |     ^~~~
Please submit a full bug report,
with preprocessed source if appropriate.
See <file:///usr/share/doc/gcc-9/README.Bugs> for instructions.


Compiling the CXX compiler identification source file "CMakeCXXCompilerId.cpp" failed.
Compiler: /usr/bin/c++ 
Build flags: 
Id flags: --c++ 

The output was:
1
c++: error: unrecognized command line option ‘--c++’


Compiling the CXX compiler identification source file "CMakeCXXCompilerId.cpp" failed.
Compiler: /usr/bin/c++ 
Build flags: 
Id flags: --ec++ 

The output was:
1
c++: error: unrecognized command line option ‘--ec++’; did you mean ‘-Weffc++’?


Compiling the CXX compiler identification source file "CMakeCXXCompilerId.cpp" failed.
Compiler: /usr/bin/c++ 
Build flags: 
Id flags: --target=arm-arm-none-eabi;-mcpu=cortex-m3 

The output was:
1
c++: warning: ‘-mcpu=’ is deprecated; use ‘-mtune=’ or ‘-march=’ instead
c++: error: unrecognized command line option ‘--target=arm-arm-none-eabi’


Checking whether the CXX compiler is IAR using "" did not match "IAR .+ Compiler":
c++: fatal error: no input files
compilation terminated.
Checking whether the CXX compiler is IAR using "" did not match "IAR .+ Compiler":
c++: fatal error: no input files
compilation terminated.
Determining if the CXX compiler works failed with the following output:
Change Dir: /home/nico/pama_marker/build/CMakeFiles/CMakeTmp

Run Build Command(s):/usr/bin/make cmTC_49104/fast && /usr/bin/make -f CMakeFiles/cmTC_49104.dir/build.make CMakeFiles/cmTC_49104.dir/build
make[1]: Entering directory '/home/nico/pama_marker/build/CMakeFiles/CMakeTmp'
Building CXX object CMakeFiles/cmTC_49104.dir/testCXXCompiler.cxx.o
/usr/bin/c++     -o CMakeFiles/cmTC_49104.dir/testCXXCompiler.cxx.o -c /home/nico/pama_marker/build/CMakeFiles/CMakeTmp/testCXXCompiler.cxx
during IPA pass: inline
/home/nico/pama_marker/build/CMakeFiles/CMakeTmp/testCXXCompiler.cxx: In function ‘int main()’:
/home/nico/pama_marker/build/CMakeFiles/CMakeTmp/testCXXCompiler.cxx:4:5: internal compiler error: Segmentation fault
    4 | int main(){return 0;}
      |     ^~~~
Please submit a full bug report,
with preprocessed source if appropriate.
See <file:///usr/share/doc/gcc-9/README.Bugs> for instructions.
make[1]: *** [CMakeFiles/cmTC_49104.dir/build.make:66: CMakeFiles/cmTC_49104.dir/testCXXCompiler.cxx.o] Error 1
make[1]: Leaving directory '/home/nico/pama_marker/build/CMakeFiles/CMakeTmp'
make: *** [Makefile:121: cmTC_49104/fast] Error 2



Compiling the CXX compiler identification source file "CMakeCXXCompilerId.cpp" failed.
Compiler: /usr/bin/c++ 
Build flags: 
Id flags:  

The output was:
1
during IPA pass: inline
CMakeCXXCompilerId.cpp: In function ‘int main(int, char**)’:
CMakeCXXCompilerId.cpp:637:5: internal compiler error: Segmentation fault
  637 | int main(int argc, char* argv[])
      |     ^~~~
Please submit a full bug report,
with preprocessed source if appropriate.
See <file:///usr/share/doc/gcc-9/README.Bugs> for instructions.


Compiling the CXX compiler identification source file "CMakeCXXCompilerId.cpp" failed.
Compiler: /usr/bin/c++ 
Build flags: 
Id flags: -c 

The output was:
1
during IPA pass: inline
CMakeCXXCompilerId.cpp: In function ‘int main(int, char**)’:
CMakeCXXCompilerId.cpp:637:5: internal compiler error: Segmentation fault
  637 | int main(int argc, char* argv[])
      |     ^~~~
Please submit a full bug report,
with preprocessed source if appropriate.
See <file:///usr/share/doc/gcc-9/README.Bugs> for instructions.


Compiling the CXX compiler identification source file "CMakeCXXCompilerId.cpp" failed.
Compiler: /usr/bin/c++ 
Build flags: 
Id flags: --c++ 

The output was:
1
c++: error: unrecognized command line option ‘--c++’


Compiling the CXX compiler identification source file "CMakeCXXCompilerId.cpp" failed.
Compiler: /usr/bin/c++ 
Build flags: 
Id flags: --ec++ 

The output was:
1
c++: error: unrecognized command line option ‘--ec++’; did you mean ‘-Weffc++’?


Compiling the CXX compiler identification source file "CMakeCXXCompilerId.cpp" failed.
Compiler: /usr/bin/c++ 
Build flags: 
Id flags: --target=arm-arm-none-eabi;-mcpu=cortex-m3 

The output was:
1
c++: warning: ‘-mcpu=’ is deprecated; use ‘-mtune=’ or ‘-march=’ instead
c++: error: unrecognized command line option ‘--target=arm-arm-none-eabi’


Compiling the CXX compiler identification source file "CMakeCXXCompilerId.cpp" failed.
Compiler: /usr/bin/c++ 
Build flags: 
Id flags:  

The output was:
1
during IPA pass: inline
CMakeCXXCompilerId.cpp: In function ‘int main(int, char**)’:
CMakeCXXCompilerId.cpp:637:5: internal compiler error: Segmentation fault
  637 | int main(int argc, char* argv[])
      |     ^~~~
Please submit a full bug report,
with preprocessed source if appropriate.
See <file:///usr/share/doc/gcc-9/README.Bugs> for instructions.


Compiling the CXX compiler identification source file "CMakeCXXCompilerId.cpp" failed.
Compiler: /usr/bin/c++ 
Build flags: 
Id flags: -c 

The output was:
1
during IPA pass: inline
CMakeCXXCompilerId.cpp: In function ‘int main(int, char**)’:
CMakeCXXCompilerId.cpp:637:5: internal compiler error: Segmentation fault
  637 | int main(int argc, char* argv[])
      |     ^~~~
Please submit a full bug report,
with preprocessed source if appropriate.
See <file:///usr/share/doc/gcc-9/README.Bugs> for instructions.


Compiling the CXX compiler identification source file "CMakeCXXCompilerId.cpp" failed.
Compiler: /usr/bin/c++ 
Build flags: 
Id flags: --c++ 

The output was:
1
c++: error: unrecognized command line option ‘--c++’


Compiling the CXX compiler identification source file "CMakeCXXCompilerId.cpp" failed.
Compiler: /usr/bin/c++ 
Build flags: 
Id flags: --ec++ 

The output was:
1
c++: error: unrecognized command line option ‘--ec++’; did you mean ‘-Weffc++’?


Compiling the CXX compiler identification source file "CMakeCXXCompilerId.cpp" failed.
Compiler: /usr/bin/c++ 
Build flags: 
Id flags: --target=arm-arm-none-eabi;-mcpu=cortex-m3 

The output was:
1
c++: warning: ‘-mcpu=’ is deprecated; use ‘-mtune=’ or ‘-march=’ instead
c++: error: unrecognized command line option ‘--target=arm-arm-none-eabi’


Checking whether the CXX compiler is IAR using "" did not match "IAR .+ Compiler":
c++: fatal error: no input files
compilation terminated.
Checking whether the CXX compiler is IAR using "" did not match "IAR .+ Compiler":
c++: fatal error: no input files
compilation terminated.
Determining if the CXX compiler works failed with the following output:
Change Dir: /home/nico/pama_marker/build/CMakeFiles/CMakeTmp

Run Build Command(s):/usr/bin/make cmTC_e1c69/fast && /usr/bin/make -f CMakeFiles/cmTC_e1c69.dir/build.make CMakeFiles/cmTC_e1c69.dir/build
make[1]: Entering directory '/home/nico/pama_marker/build/CMakeFiles/CMakeTmp'
Building CXX object CMakeFiles/cmTC_e1c69.dir/testCXXCompiler.cxx.o
/usr/bin/c++     -o CMakeFiles/cmTC_e1c69.dir/testCXXCompiler.cxx.o -c /home/nico/pama_marker/build/CMakeFiles/CMakeTmp/testCXXCompiler.cxx
during IPA pass: inline
/home/nico/pama_marker/build/CMakeFiles/CMakeTmp/testCXXCompiler.cxx: In function ‘int main()’:
/home/nico/pama_marker/build/CMakeFiles/CMakeTmp/testCXXCompiler.cxx:4:5: internal compiler error: Segmentation fault
    4 | int main(){return 0;}
      |     ^~~~
Please submit a full bug report,
with preprocessed source if appropriate.
See <file:///usr/share/doc/gcc-9/README.Bugs> for instructions.
make[1]: *** [CMakeFiles/cmTC_e1c69.dir/build.make:66: CMakeFiles/cmTC_e1c69.dir/testCXXCompiler.cxx.o] Error 1
make[1]: Leaving directory '/home/nico/pama_marker/build/CMakeFiles/CMakeTmp'
make: *** [Makefile:121: cmTC_e1c69/fast] Error 2



Compiling the CXX compiler identification source file "CMakeCXXCompilerId.cpp" failed.
Compiler: /usr/bin/c++ 
Build flags: 
Id flags:  

The output was:
1
during IPA pass: inline
CMakeCXXCompilerId.cpp: In function ‘int main(int, char**)’:
CMakeCXXCompilerId.cpp:637:5: internal compiler error: Segmentation fault
  637 | int main(int argc, char* argv[])
      |     ^~~~
Please submit a full bug report,
with preprocessed source if appropriate.
See <file:///usr/share/doc/gcc-9/README.Bugs> for instructions.


Compiling the CXX compiler identification source file "CMakeCXXCompilerId.cpp" failed.
Compiler: /usr/bin/c++ 
Build flags: 
Id flags: -c 

The output was:
1
during IPA pass: inline
CMakeCXXCompilerId.cpp: In function ‘int main(int, char**)’:
CMakeCXXCompilerId.cpp:637:5: internal compiler error: Segmentation fault
  637 | int main(int argc, char* argv[])
      |     ^~~~
Please submit a full bug report,
with preprocessed source if appropriate.
See <file:///usr/share/doc/gcc-9/README.Bugs> for instructions.


Compiling the CXX compiler identification source file "CMakeCXXCompilerId.cpp" failed.
Compiler: /usr/bin/c++ 
Build flags: 
Id flags: --c++ 

The output was:
1
c++: error: unrecognized command line option ‘--c++’


Compiling the CXX compiler identification source file "CMakeCXXCompilerId.cpp" failed.
Compiler: /usr/bin/c++ 
Build flags: 
Id flags: --ec++ 

The output was:
1
c++: error: unrecognized command line option ‘--ec++’; did you mean ‘-Weffc++’?


Compiling the CXX compiler identification source file "CMakeCXXCompilerId.cpp" failed.
Compiler: /usr/bin/c++ 
Build flags: 
Id flags: --target=arm-arm-none-eabi;-mcpu=cortex-m3 

The output was:
1
c++: warning: ‘-mcpu=’ is deprecated; use ‘-mtune=’ or ‘-march=’ instead
c++: error: unrecognized command line option ‘--target=arm-arm-none-eabi’


Compiling the CXX compiler identification source file "CMakeCXXCompilerId.cpp" failed.
Compiler: /usr/bin/c++ 
Build flags: 
Id flags:  

The output was:
1
during IPA pass: inline
CMakeCXXCompilerId.cpp: In function ‘int main(int, char**)’:
CMakeCXXCompilerId.cpp:637:5: internal compiler error: Segmentation fault
  637 | int main(int argc, char* argv[])
      |     ^~~~
Please submit a full bug report,
with preprocessed source if appropriate.
See <file:///usr/share/doc/gcc-9/README.Bugs> for instructions.


Compiling the CXX compiler identification source file "CMakeCXXCompilerId.cpp" failed.
Compiler: /usr/bin/c++ 
Build flags: 
Id flags: -c 

The output was:
1
during IPA pass: inline
CMakeCXXCompilerId.cpp: In function ‘int main(int, char**)’:
CMakeCXXCompilerId.cpp:637:5: internal compiler error: Segmentation fault
  637 | int main(int argc, char* argv[])
      |     ^~~~
Please submit a full bug report,
with preprocessed source if appropriate.
See <file:///usr/share/doc/gcc-9/README.Bugs> for instructions.


Compiling the CXX compiler identification source file "CMakeCXXCompilerId.cpp" failed.
Compiler: /usr/bin/c++ 
Build flags: 
Id flags: --c++ 

The output was:
1
c++: error: unrecognized command line option ‘--c++’


Compiling the CXX compiler identification source file "CMakeCXXCompilerId.cpp" failed.
Compiler: /usr/bin/c++ 
Build flags: 
Id flags: --ec++ 

The output was:
1
c++: error: unrecognized command line option ‘--ec++’; did you mean ‘-Weffc++’?


Compiling the CXX compiler identification source file "CMakeCXXCompilerId.cpp" failed.
Compiler: /usr/bin/c++ 
Build flags: 
Id flags: --target=arm-arm-none-eabi;-mcpu=cortex-m3 

The output was:
1
c++: warning: ‘-mcpu=’ is deprecated; use ‘-mtune=’ or ‘-march=’ instead
c++: error: unrecognized command line option ‘--target=arm-arm-none-eabi’


Checking whether the CXX compiler is IAR using "" did not match "IAR .+ Compiler":
c++: fatal error: no input files
compilation terminated.
Checking whether the CXX compiler is IAR using "" did not match "IAR .+ Compiler":
c++: fatal error: no input files
compilation terminated.
Determining if the CXX compiler works failed with the following output:
Change Dir: /home/nico/pama_marker/build/CMakeFiles/CMakeTmp

Run Build Command(s):/usr/bin/make cmTC_17508/fast && /usr/bin/make -f CMakeFiles/cmTC_17508.dir/build.make CMakeFiles/cmTC_17508.dir/build
make[1]: Entering directory '/home/nico/pama_marker/build/CMakeFiles/CMakeTmp'
Building CXX object CMakeFiles/cmTC_17508.dir/testCXXCompiler.cxx.o
/usr/bin/c++     -o CMakeFiles/cmTC_17508.dir/testCXXCompiler.cxx.o -c /home/nico/pama_marker/build/CMakeFiles/CMakeTmp/testCXXCompiler.cxx
during IPA pass: inline
/home/nico/pama_marker/build/CMakeFiles/CMakeTmp/testCXXCompiler.cxx: In function ‘int main()’:
/home/nico/pama_marker/build/CMakeFiles/CMakeTmp/testCXXCompiler.cxx:4:5: internal compiler error: Segmentation fault
    4 | int main(){return 0;}
      |     ^~~~
Please submit a full bug report,
with preprocessed source if appropriate.
See <file:///usr/share/doc/gcc-9/README.Bugs> for instructions.
make[1]: *** [CMakeFiles/cmTC_17508.dir/build.make:66: CMakeFiles/cmTC_17508.dir/testCXXCompiler.cxx.o] Error 1
make[1]: Leaving directory '/home/nico/pama_marker/build/CMakeFiles/CMakeTmp'
make: *** [Makefile:121: cmTC_17508/fast] Error 2



Compiling the CXX compiler identification source file "CMakeCXXCompilerId.cpp" failed.
Compiler: /usr/bin/c++ 
Build flags: 
Id flags:  

The output was:
1
during IPA pass: inline
CMakeCXXCompilerId.cpp: In function ‘int main(int, char**)’:
CMakeCXXCompilerId.cpp:637:5: internal compiler error: Segmentation fault
  637 | int main(int argc, char* argv[])
      |     ^~~~
Please submit a full bug report,
with preprocessed source if appropriate.
See <file:///usr/share/doc/gcc-9/README.Bugs> for instructions.


Compiling the CXX compiler identification source file "CMakeCXXCompilerId.cpp" failed.
Compiler: /usr/bin/c++ 
Build flags: 
Id flags: -c 

The output was:
1
during IPA pass: inline
CMakeCXXCompilerId.cpp: In function ‘int main(int, char**)’:
CMakeCXXCompilerId.cpp:637:5: internal compiler error: Segmentation fault
  637 | int main(int argc, char* argv[])
      |     ^~~~
Please submit a full bug report,
with preprocessed source if appropriate.
See <file:///usr/share/doc/gcc-9/README.Bugs> for instructions.


Compiling the CXX compiler identification source file "CMakeCXXCompilerId.cpp" failed.
Compiler: /usr/bin/c++ 
Build flags: 
Id flags: --c++ 

The output was:
1
c++: error: unrecognized command line option ‘--c++’


Compiling the CXX compiler identification source file "CMakeCXXCompilerId.cpp" failed.
Compiler: /usr/bin/c++ 
Build flags: 
Id flags: --ec++ 

The output was:
1
c++: error: unrecognized command line option ‘--ec++’; did you mean ‘-Weffc++’?


Compiling the CXX compiler identification source file "CMakeCXXCompilerId.cpp" failed.
Compiler: /usr/bin/c++ 
Build flags: 
Id flags: --target=arm-arm-none-eabi;-mcpu=cortex-m3 

The output was:
1
c++: warning: ‘-mcpu=’ is deprecated; use ‘-mtune=’ or ‘-march=’ instead
c++: error: unrecognized command line option ‘--target=arm-arm-none-eabi’


Compiling the CXX compiler identification source file "CMakeCXXCompilerId.cpp" failed.
Compiler: /usr/bin/c++ 
Build flags: 
Id flags:  

The output was:
1
during IPA pass: inline
CMakeCXXCompilerId.cpp: In function ‘int main(int, char**)’:
CMakeCXXCompilerId.cpp:637:5: internal compiler error: Segmentation fault
  637 | int main(int argc, char* argv[])
      |     ^~~~
Please submit a full bug report,
with preprocessed source if appropriate.
See <file:///usr/share/doc/gcc-9/README.Bugs> for instructions.


Compiling the CXX compiler identification source file "CMakeCXXCompilerId.cpp" failed.
Compiler: /usr/bin/c++ 
Build flags: 
Id flags: -c 

The output was:
1
during IPA pass: inline
CMakeCXXCompilerId.cpp: In function ‘int main(int, char**)’:
CMakeCXXCompilerId.cpp:637:5: internal compiler error: Segmentation fault
  637 | int main(int argc, char* argv[])
      |     ^~~~
Please submit a full bug report,
with preprocessed source if appropriate.
See <file:///usr/share/doc/gcc-9/README.Bugs> for instructions.


Compiling the CXX compiler identification source file "CMakeCXXCompilerId.cpp" failed.
Compiler: /usr/bin/c++ 
Build flags: 
Id flags: --c++ 

The output was:
1
c++: error: unrecognized command line option ‘--c++’


Compiling the CXX compiler identification source file "CMakeCXXCompilerId.cpp" failed.
Compiler: /usr/bin/c++ 
Build flags: 
Id flags: --ec++ 

The output was:
1
c++: error: unrecognized command line option ‘--ec++’; did you mean ‘-Weffc++’?


Compiling the CXX compiler identification source file "CMakeCXXCompilerId.cpp" failed.
Compiler: /usr/bin/c++ 
Build flags: 
Id flags: --target=arm-arm-none-eabi;-mcpu=cortex-m3 

The output was:
1
c++: warning: ‘-mcpu=’ is deprecated; use ‘-mtune=’ or ‘-march=’ instead
c++: error: unrecognized command line option ‘--target=arm-arm-none-eabi’


Checking whether the CXX compiler is IAR using "" did not match "IAR .+ Compiler":
c++: fatal error: no input files
compilation terminated.
Checking whether the CXX compiler is IAR using "" did not match "IAR .+ Compiler":
c++: fatal error: no input files
compilation terminated.
Determining if the CXX compiler works failed with the following output:
Change Dir: /home/nico/pama_marker/build/CMakeFiles/CMakeTmp

Run Build Command(s):/usr/bin/make cmTC_03396/fast && /usr/bin/make -f CMakeFiles/cmTC_03396.dir/build.make CMakeFiles/cmTC_03396.dir/build
make[1]: Entering directory '/home/nico/pama_marker/build/CMakeFiles/CMakeTmp'
Building CXX object CMakeFiles/cmTC_03396.dir/testCXXCompiler.cxx.o
/usr/bin/c++     -o CMakeFiles/cmTC_03396.dir/testCXXCompiler.cxx.o -c /home/nico/pama_marker/build/CMakeFiles/CMakeTmp/testCXXCompiler.cxx
during IPA pass: inline
/home/nico/pama_marker/build/CMakeFiles/CMakeTmp/testCXXCompiler.cxx: In function ‘int main()’:
/home/nico/pama_marker/build/CMakeFiles/CMakeTmp/testCXXCompiler.cxx:4:5: internal compiler error: Segmentation fault
    4 | int main(){return 0;}
      |     ^~~~
Please submit a full bug report,
with preprocessed source if appropriate.
See <file:///usr/share/doc/gcc-9/README.Bugs> for instructions.
make[1]: *** [CMakeFiles/cmTC_03396.dir/build.make:66: CMakeFiles/cmTC_03396.dir/testCXXCompiler.cxx.o] Error 1
make[1]: Leaving directory '/home/nico/pama_marker/build/CMakeFiles/CMakeTmp'
make: *** [Makefile:121: cmTC_03396/fast] Error 2



